<?xml version="1.0" encoding="UTF-8"?>
<testsuite name="com.kodilla.testing.forum.tdd.ForumTestSuite$TestPosts" tests="4" skipped="0" failures="0" errors="0" timestamp="2020-10-13T22:55:00" hostname="DESKTOP-1F5PD1R" time="0.004">
  <properties/>
  <testcase name="testRemovePostNotExisting()" classname="com.kodilla.testing.forum.tdd.ForumTestSuite$TestPosts" time="0.001"/>
  <testcase name="testAddPost()" classname="com.kodilla.testing.forum.tdd.ForumTestSuite$TestPosts" time="0.001"/>
  <testcase name="testGetPost()" classname="com.kodilla.testing.forum.tdd.ForumTestSuite$TestPosts" time="0.001"/>
  <testcase name="testRemovePost()" classname="com.kodilla.testing.forum.tdd.ForumTestSuite$TestPosts" time="0.001"/>
  <system-out><![CDATA[Preparing to execute test #5
Preparing to execute test #6
Preparing to execute test #7
Preparing to execute test #8
]]></system-out>
  <system-err><![CDATA[]]></system-err>
</testsuite>
